{"level":"ERROR","timestamp":"2018-12-25 21:01:08.790","file":"model/init.go:32","msg":"Database connection failed. Database name: db_apiserver","data":{"error":"Error 1045: Access denied for user 'root'@'172.17.0.1' (using password: YES)"}}
{"level":"ERROR","timestamp":"2018-12-25 21:01:08.796","file":"model/init.go:32","msg":"Database connection failed. Database name: db_apiserver","data":{"error":"Error 1045: Access denied for user 'root'@'172.17.0.1' (using password: YES)"}}
{"level":"INFO","timestamp":"2018-12-25 21:01:08.805","file":"api-07/main.go:59","msg":"Start to listening the incoming requests on http address: :8080"}
{"level":"INFO","timestamp":"2018-12-25 21:01:08.808","file":"api-07/main.go:56","msg":"The router has been deployed successfully."}
{"level":"INFO","timestamp":"2018-12-25 21:02:15.220","file":"api-07/main.go:59","msg":"Start to listening the incoming requests on http address: :8080"}
{"level":"INFO","timestamp":"2018-12-25 21:02:15.221","file":"api-07/main.go:73","msg":"Waiting for the router, retry in 1 second."}
{"level":"INFO","timestamp":"2018-12-25 21:02:16.223","file":"api-07/main.go:56","msg":"The router has been deployed successfully."}
{"level":"INFO","timestamp":"2018-12-25 21:03:51.731","file":"user/create.go:16","msg":"User Create function called.","data":{"X-Request-Id":""}}
{"level":"INFO","timestamp":"2018-12-25 21:09:39.248","file":"user/update.go:18","msg":"Update function called.","data":{"X-Request-Id":""}}
{"level":"INFO","timestamp":"2018-12-25 21:12:44.015","file":"user/create.go:16","msg":"User Create function called.","data":{"X-Request-Id":""}}
{"level":"INFO","timestamp":"2018-12-25 21:13:02.425","file":"user/create.go:16","msg":"User Create function called.","data":{"X-Request-Id":""}}
{"level":"INFO","timestamp":"2018-12-25 21:14:16.366","file":"user/create.go:16","msg":"User Create function called.","data":{"X-Request-Id":""}}
{"level":"INFO","timestamp":"2018-12-25 21:15:46.457","file":"user/create.go:16","msg":"User Create function called.","data":{"X-Request-Id":""}}
{"level":"INFO","timestamp":"2018-12-25 21:15:50.527","file":"user/create.go:16","msg":"User Create function called.","data":{"X-Request-Id":""}}
{"level":"INFO","timestamp":"2018-12-25 21:15:51.890","file":"user/create.go:16","msg":"User Create function called.","data":{"X-Request-Id":""}}
{"level":"INFO","timestamp":"2018-12-25 21:16:00.158","file":"user/create.go:16","msg":"User Create function called.","data":{"X-Request-Id":""}}
{"level":"INFO","timestamp":"2018-12-25 21:17:06.800","file":"user/create.go:16","msg":"User Create function called.","data":{"X-Request-Id":""}}
{"level":"INFO","timestamp":"2018-12-25 21:19:33.695","file":"api-07/main.go:59","msg":"Start to listening the incoming requests on http address: :8080"}
{"level":"INFO","timestamp":"2018-12-25 21:19:33.698","file":"api-07/main.go:56","msg":"The router has been deployed successfully."}
{"level":"INFO","timestamp":"2018-12-25 21:19:35.385","file":"user/create.go:16","msg":"User Create function called.","data":{"X-Request-Id":""}}
{"level":"ERROR","timestamp":"2018-12-25 21:19:35.518","file":"user/create.go:41","msg":"%!s(MISSING)","data":{"error":"Error 1062: Duplicate entry 'kong' for key 'username'"}}
